<?xml version="1.0" encoding="UTF-8"?>
<!-- Generated by org.testng.reporters.JUnitReportReporter -->
<testsuite hostname="1000068827-FY79J97VVP" failures="0" tests="1" name="bhagatkher.appium.loginFlowTest" time="52.757" errors="0" timestamp="2024-08-15T19:11:21 IST" skipped="0">
  <testcase classname="bhagatkher.appium.loginFlowTest" name="LoginWithValidCredentials" time="52.757"/>
  <system-out/>
</testsuite> <!-- bhagatkher.appium.loginFlowTest -->
