<?xml version="1.0" encoding="UTF-8"?>
<!-- Generated by org.testng.reporters.JUnitReportReporter -->
<testsuite hostname="1000068827-FY79J97VVP" failures="0" tests="1" name="bhagatkher.appium.appiumBasic" time="45.378" errors="0" timestamp="2024-08-11T16:40:37 IST" skipped="0">
  <testcase classname="bhagatkher.appium.appiumBasic" name="appiumTest" time="45.378"/>
  <system-out/>
</testsuite> <!-- bhagatkher.appium.appiumBasic -->
